<?xml version="1.0" encoding="UTF-8"?>
<!-- Generated by org.testng.reporters.JUnitXMLReporter -->
<testsuite ignored="0" hostname="DESKTOP-F27K7GE" failures="0" tests="8" name="Command line test" time="9.84" errors="0" timestamp="2023-01-13T22:01:39 IST">
  <testcase classname="pkgSelenium.SauceLabAutomationTest" name="sauceLabAutomation" time="3.763"/>
  <testcase classname="pkgSelenium.selneiumTestCase" name="test" time="1.468"/>
  <testcase classname="saucelabs.LoginTest" name="Login" time="0.003"/>
  <testcase classname="saucelabs.LoginTest" name="Login" time="0.001"/>
  <testcase classname="saucelabs.LoginTest" name="Login" time="0.001"/>
  <testcase classname="saucelabs.LoginTest" name="Login" time="0.0"/>
  <testcase classname="saucelabs.LoginTest" name="Login" time="0.005"/>
  <testcase classname="saucelabs.LoginTest" name="Login" time="0.0"/>
</testsuite> <!-- Command line test -->
