<?xml version="1.0" encoding="UTF-8"?>
<!-- Generated by org.testng.reporters.JUnitXMLReporter -->
<testsuite ignored="0" hostname="DESKTOP-F27K7GE" failures="0" tests="7" name="Test" time="7.406" errors="0" timestamp="2023-01-13T22:01:02 IST">
  <testcase classname="saucelabs.LoginTest" name="Login" time="0.009"/>
  <testcase classname="saucelabs.LoginTest" name="Login" time="0.001"/>
  <testcase classname="saucelabs.LoginTest" name="Login" time="0.003"/>
  <testcase classname="saucelabs.LoginTest" name="Login" time="0.007"/>
  <testcase classname="saucelabs.LoginTest" name="Login" time="0.003"/>
  <testcase classname="saucelabs.LoginTest" name="Login" time="0.009"/>
  <testcase classname="pkgSelenium.SauceLabAutomationTest" name="sauceLabAutomation" time="4.076"/>
</testsuite> <!-- Test -->
