<?xml version="1.0" encoding="UTF-8"?>
<!-- Generated by org.testng.reporters.JUnitXMLReporter -->
<testsuite ignored="0" hostname="SOP1IN" failures="0" tests="6" name="Command line test" time="0.068" errors="0" timestamp="2022-11-02T12:48:48 IST">
  <testcase classname="saucelabs.LoginTest" name="Login" time="0.004"/>
  <testcase classname="saucelabs.LoginTest" name="Login" time="0.001"/>
  <testcase classname="saucelabs.LoginTest" name="Login" time="0.0"/>
  <testcase classname="saucelabs.LoginTest" name="Login" time="0.0"/>
  <testcase classname="saucelabs.LoginTest" name="Login" time="0.001"/>
  <testcase classname="saucelabs.LoginTest" name="Login" time="0.001"/>
</testsuite> <!-- Command line test -->
