<?xml version="1.0" encoding="UTF-8"?>
<!-- Generated by org.testng.reporters.JUnitXMLReporter -->
<testsuite ignored="0" hostname="SOP1IN" failures="0" tests="6" name="Test" time="0.084" errors="0" timestamp="2022-11-02T11:28:43 IST">
  <testcase classname="saucelabs.LoginTest" name="Login" time="0.006"/>
  <testcase classname="saucelabs.LoginTest" name="Login" time="0.001"/>
  <testcase classname="saucelabs.LoginTest" name="Login" time="0.002"/>
  <testcase classname="saucelabs.LoginTest" name="Login" time="0.002"/>
  <testcase classname="saucelabs.LoginTest" name="Login" time="0.001"/>
  <testcase classname="saucelabs.LoginTest" name="Login" time="0.002"/>
</testsuite> <!-- Test -->
