<?xml version="1.0" encoding="UTF-8"?>
<testng-results ignored="0" total="7" passed="7" failed="0" skipped="0">
  <reporter-output>
  </reporter-output>
  <suite started-at="2023-01-13T22:00:55 IST" name="Suite" finished-at="2023-01-13T22:01:02 IST" duration-ms="7406">
    <groups>
    </groups>
    <test started-at="2023-01-13T22:00:55 IST" name="Test" finished-at="2023-01-13T22:01:02 IST" duration-ms="7406">
      <class name="saucelabs.LoginTest">
        <test-method is-config="true" signature="beforeClass()[pri:0, instance:saucelabs.LoginTest@2ed2d9cb]" started-at="2023-01-13T22:00:55 IST" name="beforeClass" finished-at="2023-01-13T22:00:55 IST" duration-ms="10" status="PASS">
          <reporter-output>
          </reporter-output>
        </test-method> <!-- beforeClass -->
        <test-method is-config="true" signature="beforeMethod()[pri:0, instance:saucelabs.LoginTest@2ed2d9cb]" started-at="2023-01-13T22:00:55 IST" name="beforeMethod" finished-at="2023-01-13T22:00:55 IST" duration-ms="0" status="PASS">
          <reporter-output>
          </reporter-output>
        </test-method> <!-- beforeMethod -->
        <test-method signature="Login(java.lang.String,java.lang.String)[pri:0, instance:saucelabs.LoginTest@2ed2d9cb]" started-at="2023-01-13T22:00:55 IST" name="Login" data-provider="Data_login" finished-at="2023-01-13T22:00:55 IST" duration-ms="9" status="PASS">
          <params>
            <param index="0">
              <value>
                <![CDATA[SacueLabs1]]>
              </value>
            </param>
            <param index="1">
              <value>
                <![CDATA[pwd6]]>
              </value>
            </param>
          </params>
          <reporter-output>
          </reporter-output>
        </test-method> <!-- Login -->
        <test-method is-config="true" signature="afterMethod()[pri:0, instance:saucelabs.LoginTest@2ed2d9cb]" started-at="2023-01-13T22:00:55 IST" name="afterMethod" finished-at="2023-01-13T22:00:55 IST" duration-ms="1" status="PASS">
          <reporter-output>
          </reporter-output>
        </test-method> <!-- afterMethod -->
        <test-method is-config="true" signature="beforeMethod()[pri:0, instance:saucelabs.LoginTest@2ed2d9cb]" started-at="2023-01-13T22:00:55 IST" name="beforeMethod" finished-at="2023-01-13T22:00:55 IST" duration-ms="1" status="PASS">
          <reporter-output>
          </reporter-output>
        </test-method> <!-- beforeMethod -->
        <test-method signature="Login(java.lang.String,java.lang.String)[pri:0, instance:saucelabs.LoginTest@2ed2d9cb]" started-at="2023-01-13T22:00:55 IST" name="Login" data-provider="Data_login" finished-at="2023-01-13T22:00:55 IST" duration-ms="1" status="PASS">
          <params>
            <param index="0">
              <value>
                <![CDATA[SacueLabs2]]>
              </value>
            </param>
            <param index="1">
              <value>
                <![CDATA[pwd5]]>
              </value>
            </param>
          </params>
          <reporter-output>
          </reporter-output>
        </test-method> <!-- Login -->
        <test-method is-config="true" signature="afterMethod()[pri:0, instance:saucelabs.LoginTest@2ed2d9cb]" started-at="2023-01-13T22:00:55 IST" name="afterMethod" finished-at="2023-01-13T22:00:55 IST" duration-ms="1" status="PASS">
          <reporter-output>
          </reporter-output>
        </test-method> <!-- afterMethod -->
        <test-method is-config="true" signature="beforeMethod()[pri:0, instance:saucelabs.LoginTest@2ed2d9cb]" started-at="2023-01-13T22:00:55 IST" name="beforeMethod" finished-at="2023-01-13T22:00:55 IST" duration-ms="0" status="PASS">
          <reporter-output>
          </reporter-output>
        </test-method> <!-- beforeMethod -->
        <test-method signature="Login(java.lang.String,java.lang.String)[pri:0, instance:saucelabs.LoginTest@2ed2d9cb]" started-at="2023-01-13T22:00:55 IST" name="Login" data-provider="Data_login" finished-at="2023-01-13T22:00:55 IST" duration-ms="3" status="PASS">
          <params>
            <param index="0">
              <value>
                <![CDATA[SacueLabs3]]>
              </value>
            </param>
            <param index="1">
              <value>
                <![CDATA[pwd4]]>
              </value>
            </param>
          </params>
          <reporter-output>
          </reporter-output>
        </test-method> <!-- Login -->
        <test-method is-config="true" signature="afterMethod()[pri:0, instance:saucelabs.LoginTest@2ed2d9cb]" started-at="2023-01-13T22:00:55 IST" name="afterMethod" finished-at="2023-01-13T22:00:55 IST" duration-ms="1" status="PASS">
          <reporter-output>
          </reporter-output>
        </test-method> <!-- afterMethod -->
        <test-method is-config="true" signature="beforeMethod()[pri:0, instance:saucelabs.LoginTest@2ed2d9cb]" started-at="2023-01-13T22:00:55 IST" name="beforeMethod" finished-at="2023-01-13T22:00:55 IST" duration-ms="1" status="PASS">
          <reporter-output>
          </reporter-output>
        </test-method> <!-- beforeMethod -->
        <test-method signature="Login(java.lang.String,java.lang.String)[pri:0, instance:saucelabs.LoginTest@2ed2d9cb]" started-at="2023-01-13T22:00:55 IST" name="Login" data-provider="Data_login" finished-at="2023-01-13T22:00:55 IST" duration-ms="7" status="PASS">
          <params>
            <param index="0">
              <value>
                <![CDATA[SacueLabs4]]>
              </value>
            </param>
            <param index="1">
              <value>
                <![CDATA[pwd3]]>
              </value>
            </param>
          </params>
          <reporter-output>
          </reporter-output>
        </test-method> <!-- Login -->
        <test-method is-config="true" signature="afterMethod()[pri:0, instance:saucelabs.LoginTest@2ed2d9cb]" started-at="2023-01-13T22:00:55 IST" name="afterMethod" finished-at="2023-01-13T22:00:55 IST" duration-ms="1" status="PASS">
          <reporter-output>
          </reporter-output>
        </test-method> <!-- afterMethod -->
        <test-method is-config="true" signature="beforeMethod()[pri:0, instance:saucelabs.LoginTest@2ed2d9cb]" started-at="2023-01-13T22:00:55 IST" name="beforeMethod" finished-at="2023-01-13T22:00:55 IST" duration-ms="0" status="PASS">
          <reporter-output>
          </reporter-output>
        </test-method> <!-- beforeMethod -->
        <test-method signature="Login(java.lang.String,java.lang.String)[pri:0, instance:saucelabs.LoginTest@2ed2d9cb]" started-at="2023-01-13T22:00:55 IST" name="Login" data-provider="Data_login" finished-at="2023-01-13T22:00:55 IST" duration-ms="3" status="PASS">
          <params>
            <param index="0">
              <value>
                <![CDATA[SacueLabs5]]>
              </value>
            </param>
            <param index="1">
              <value>
                <![CDATA[pwd2]]>
              </value>
            </param>
          </params>
          <reporter-output>
          </reporter-output>
        </test-method> <!-- Login -->
        <test-method is-config="true" signature="afterMethod()[pri:0, instance:saucelabs.LoginTest@2ed2d9cb]" started-at="2023-01-13T22:00:55 IST" name="afterMethod" finished-at="2023-01-13T22:00:55 IST" duration-ms="1" status="PASS">
          <reporter-output>
          </reporter-output>
        </test-method> <!-- afterMethod -->
        <test-method is-config="true" signature="beforeMethod()[pri:0, instance:saucelabs.LoginTest@2ed2d9cb]" started-at="2023-01-13T22:00:55 IST" name="beforeMethod" finished-at="2023-01-13T22:00:55 IST" duration-ms="1" status="PASS">
          <reporter-output>
          </reporter-output>
        </test-method> <!-- beforeMethod -->
        <test-method signature="Login(java.lang.String,java.lang.String)[pri:0, instance:saucelabs.LoginTest@2ed2d9cb]" started-at="2023-01-13T22:00:55 IST" name="Login" data-provider="Data_login" finished-at="2023-01-13T22:00:55 IST" duration-ms="9" status="PASS">
          <params>
            <param index="0">
              <value>
                <![CDATA[SacueLabs6]]>
              </value>
            </param>
            <param index="1">
              <value>
                <![CDATA[Pwd1]]>
              </value>
            </param>
          </params>
          <reporter-output>
          </reporter-output>
        </test-method> <!-- Login -->
        <test-method is-config="true" signature="afterMethod()[pri:0, instance:saucelabs.LoginTest@2ed2d9cb]" started-at="2023-01-13T22:00:55 IST" name="afterMethod" finished-at="2023-01-13T22:00:55 IST" duration-ms="2" status="PASS">
          <reporter-output>
          </reporter-output>
        </test-method> <!-- afterMethod -->
        <test-method is-config="true" signature="afterClass()[pri:0, instance:saucelabs.LoginTest@2ed2d9cb]" started-at="2023-01-13T22:00:55 IST" name="afterClass" finished-at="2023-01-13T22:00:55 IST" duration-ms="2" status="PASS">
          <reporter-output>
          </reporter-output>
        </test-method> <!-- afterClass -->
      </class> <!-- saucelabs.LoginTest -->
      <class name="pkgSelenium.SauceLabAutomationTest">
        <test-method is-config="true" signature="setUp()[pri:0, instance:pkgSelenium.SauceLabAutomationTest@593aaf41]" started-at="2023-01-13T22:00:55 IST" name="setUp" finished-at="2023-01-13T22:00:58 IST" duration-ms="3049" status="PASS">
          <reporter-output>
          </reporter-output>
        </test-method> <!-- setUp -->
        <test-method signature="sauceLabAutomation()[pri:0, instance:pkgSelenium.SauceLabAutomationTest@593aaf41]" started-at="2023-01-13T22:00:58 IST" name="sauceLabAutomation" finished-at="2023-01-13T22:01:02 IST" duration-ms="4076" status="PASS">
          <reporter-output>
          </reporter-output>
        </test-method> <!-- sauceLabAutomation -->
        <test-method is-config="true" signature="tearDown()[pri:0, instance:pkgSelenium.SauceLabAutomationTest@593aaf41]" started-at="2023-01-13T22:01:02 IST" name="tearDown" finished-at="2023-01-13T22:01:02 IST" duration-ms="110" status="PASS">
          <reporter-output>
          </reporter-output>
        </test-method> <!-- tearDown -->
      </class> <!-- pkgSelenium.SauceLabAutomationTest -->
    </test> <!-- Test -->
  </suite> <!-- Suite -->
</testng-results>
