<?xml version="1.0" encoding="UTF-8"?>
<testng-results ignored="0" total="6" passed="6" failed="0" skipped="0">
  <reporter-output>
  </reporter-output>
  <suite started-at="2022-11-02T12:52:04 IST" name="Command line suite" finished-at="2022-11-02T12:52:04 IST" duration-ms="71">
    <groups>
    </groups>
    <test started-at="2022-11-02T12:52:04 IST" name="Command line test" finished-at="2022-11-02T12:52:04 IST" duration-ms="71">
      <class name="saucelabs.LoginTest">
        <test-method is-config="true" signature="beforeClass()[pri:0, instance:saucelabs.LoginTest@2f4948e4]" started-at="2022-11-02T12:52:04 IST" name="beforeClass" finished-at="2022-11-02T12:52:04 IST" duration-ms="13" status="PASS">
          <reporter-output>
          </reporter-output>
        </test-method> <!-- beforeClass -->
        <test-method is-config="true" signature="beforeMethod()[pri:0, instance:saucelabs.LoginTest@2f4948e4]" started-at="2022-11-02T12:52:04 IST" name="beforeMethod" finished-at="2022-11-02T12:52:04 IST" duration-ms="1" status="PASS">
          <reporter-output>
          </reporter-output>
        </test-method> <!-- beforeMethod -->
        <test-method signature="Login(java.lang.String,java.lang.String)[pri:0, instance:saucelabs.LoginTest@2f4948e4]" started-at="2022-11-02T12:52:04 IST" name="Login" data-provider="Data_login" finished-at="2022-11-02T12:52:04 IST" duration-ms="2" status="PASS">
          <params>
            <param index="0">
              <value>
                <![CDATA[SacueLabs1]]>
              </value>
            </param>
            <param index="1">
              <value>
                <![CDATA[pwd6]]>
              </value>
            </param>
          </params>
          <reporter-output>
          </reporter-output>
        </test-method> <!-- Login -->
        <test-method is-config="true" signature="afterMethod()[pri:0, instance:saucelabs.LoginTest@2f4948e4]" started-at="2022-11-02T12:52:04 IST" name="afterMethod" finished-at="2022-11-02T12:52:04 IST" duration-ms="0" status="PASS">
          <reporter-output>
          </reporter-output>
        </test-method> <!-- afterMethod -->
        <test-method signature="Login(java.lang.String,java.lang.String)[pri:0, instance:saucelabs.LoginTest@2f4948e4]" started-at="2022-11-02T12:52:04 IST" name="Login" data-provider="Data_login" finished-at="2022-11-02T12:52:04 IST" duration-ms="1" status="PASS">
          <params>
            <param index="0">
              <value>
                <![CDATA[SacueLabs2]]>
              </value>
            </param>
            <param index="1">
              <value>
                <![CDATA[pwd5]]>
              </value>
            </param>
          </params>
          <reporter-output>
          </reporter-output>
        </test-method> <!-- Login -->
        <test-method is-config="true" signature="beforeMethod()[pri:0, instance:saucelabs.LoginTest@2f4948e4]" started-at="2022-11-02T12:52:04 IST" name="beforeMethod" finished-at="2022-11-02T12:52:04 IST" duration-ms="0" status="PASS">
          <reporter-output>
          </reporter-output>
        </test-method> <!-- beforeMethod -->
        <test-method is-config="true" signature="afterMethod()[pri:0, instance:saucelabs.LoginTest@2f4948e4]" started-at="2022-11-02T12:52:04 IST" name="afterMethod" finished-at="2022-11-02T12:52:04 IST" duration-ms="0" status="PASS">
          <reporter-output>
          </reporter-output>
        </test-method> <!-- afterMethod -->
        <test-method signature="Login(java.lang.String,java.lang.String)[pri:0, instance:saucelabs.LoginTest@2f4948e4]" started-at="2022-11-02T12:52:04 IST" name="Login" data-provider="Data_login" finished-at="2022-11-02T12:52:04 IST" duration-ms="0" status="PASS">
          <params>
            <param index="0">
              <value>
                <![CDATA[SacueLabs3]]>
              </value>
            </param>
            <param index="1">
              <value>
                <![CDATA[pwd4]]>
              </value>
            </param>
          </params>
          <reporter-output>
          </reporter-output>
        </test-method> <!-- Login -->
        <test-method is-config="true" signature="beforeMethod()[pri:0, instance:saucelabs.LoginTest@2f4948e4]" started-at="2022-11-02T12:52:04 IST" name="beforeMethod" finished-at="2022-11-02T12:52:04 IST" duration-ms="0" status="PASS">
          <reporter-output>
          </reporter-output>
        </test-method> <!-- beforeMethod -->
        <test-method signature="Login(java.lang.String,java.lang.String)[pri:0, instance:saucelabs.LoginTest@2f4948e4]" started-at="2022-11-02T12:52:04 IST" name="Login" data-provider="Data_login" finished-at="2022-11-02T12:52:04 IST" duration-ms="1" status="PASS">
          <params>
            <param index="0">
              <value>
                <![CDATA[SacueLabs4]]>
              </value>
            </param>
            <param index="1">
              <value>
                <![CDATA[pwd3]]>
              </value>
            </param>
          </params>
          <reporter-output>
          </reporter-output>
        </test-method> <!-- Login -->
        <test-method is-config="true" signature="afterMethod()[pri:0, instance:saucelabs.LoginTest@2f4948e4]" started-at="2022-11-02T12:52:04 IST" name="afterMethod" finished-at="2022-11-02T12:52:04 IST" duration-ms="0" status="PASS">
          <reporter-output>
          </reporter-output>
        </test-method> <!-- afterMethod -->
        <test-method is-config="true" signature="beforeMethod()[pri:0, instance:saucelabs.LoginTest@2f4948e4]" started-at="2022-11-02T12:52:04 IST" name="beforeMethod" finished-at="2022-11-02T12:52:04 IST" duration-ms="0" status="PASS">
          <reporter-output>
          </reporter-output>
        </test-method> <!-- beforeMethod -->
        <test-method is-config="true" signature="afterMethod()[pri:0, instance:saucelabs.LoginTest@2f4948e4]" started-at="2022-11-02T12:52:04 IST" name="afterMethod" finished-at="2022-11-02T12:52:04 IST" duration-ms="0" status="PASS">
          <reporter-output>
          </reporter-output>
        </test-method> <!-- afterMethod -->
        <test-method is-config="true" signature="beforeMethod()[pri:0, instance:saucelabs.LoginTest@2f4948e4]" started-at="2022-11-02T12:52:04 IST" name="beforeMethod" finished-at="2022-11-02T12:52:04 IST" duration-ms="1" status="PASS">
          <reporter-output>
          </reporter-output>
        </test-method> <!-- beforeMethod -->
        <test-method signature="Login(java.lang.String,java.lang.String)[pri:0, instance:saucelabs.LoginTest@2f4948e4]" started-at="2022-11-02T12:52:04 IST" name="Login" data-provider="Data_login" finished-at="2022-11-02T12:52:04 IST" duration-ms="0" status="PASS">
          <params>
            <param index="0">
              <value>
                <![CDATA[SacueLabs5]]>
              </value>
            </param>
            <param index="1">
              <value>
                <![CDATA[pwd2]]>
              </value>
            </param>
          </params>
          <reporter-output>
          </reporter-output>
        </test-method> <!-- Login -->
        <test-method is-config="true" signature="afterMethod()[pri:0, instance:saucelabs.LoginTest@2f4948e4]" started-at="2022-11-02T12:52:04 IST" name="afterMethod" finished-at="2022-11-02T12:52:04 IST" duration-ms="1" status="PASS">
          <reporter-output>
          </reporter-output>
        </test-method> <!-- afterMethod -->
        <test-method is-config="true" signature="beforeMethod()[pri:0, instance:saucelabs.LoginTest@2f4948e4]" started-at="2022-11-02T12:52:04 IST" name="beforeMethod" finished-at="2022-11-02T12:52:04 IST" duration-ms="0" status="PASS">
          <reporter-output>
          </reporter-output>
        </test-method> <!-- beforeMethod -->
        <test-method signature="Login(java.lang.String,java.lang.String)[pri:0, instance:saucelabs.LoginTest@2f4948e4]" started-at="2022-11-02T12:52:04 IST" name="Login" data-provider="Data_login" finished-at="2022-11-02T12:52:04 IST" duration-ms="1" status="PASS">
          <params>
            <param index="0">
              <value>
                <![CDATA[SacueLabs6]]>
              </value>
            </param>
            <param index="1">
              <value>
                <![CDATA[Pwd1]]>
              </value>
            </param>
          </params>
          <reporter-output>
          </reporter-output>
        </test-method> <!-- Login -->
        <test-method is-config="true" signature="afterMethod()[pri:0, instance:saucelabs.LoginTest@2f4948e4]" started-at="2022-11-02T12:52:04 IST" name="afterMethod" finished-at="2022-11-02T12:52:04 IST" duration-ms="0" status="PASS">
          <reporter-output>
          </reporter-output>
        </test-method> <!-- afterMethod -->
        <test-method is-config="true" signature="afterClass()[pri:0, instance:saucelabs.LoginTest@2f4948e4]" started-at="2022-11-02T12:52:04 IST" name="afterClass" finished-at="2022-11-02T12:52:04 IST" duration-ms="0" status="PASS">
          <reporter-output>
          </reporter-output>
        </test-method> <!-- afterClass -->
      </class> <!-- saucelabs.LoginTest -->
    </test> <!-- Command line test -->
  </suite> <!-- Command line suite -->
</testng-results>
