<?xml version="1.0" encoding="UTF-8"?>
<testng-results ignored="0" total="8" passed="8" failed="0" skipped="0">
  <reporter-output>
  </reporter-output>
  <suite started-at="2023-01-13T22:01:30 IST" name="Command line suite" finished-at="2023-01-13T22:01:39 IST" duration-ms="9840">
    <groups>
    </groups>
    <test started-at="2023-01-13T22:01:30 IST" name="Command line test" finished-at="2023-01-13T22:01:39 IST" duration-ms="9840">
      <class name="saucelabs.LoginTest">
        <test-method is-config="true" signature="beforeClass()[pri:0, instance:saucelabs.LoginTest@7e6f74c]" started-at="2023-01-13T22:01:39 IST" name="beforeClass" finished-at="2023-01-13T22:01:39 IST" duration-ms="2" status="PASS">
          <reporter-output>
          </reporter-output>
        </test-method> <!-- beforeClass -->
        <test-method is-config="true" signature="beforeMethod()[pri:0, instance:saucelabs.LoginTest@7e6f74c]" started-at="2023-01-13T22:01:39 IST" name="beforeMethod" finished-at="2023-01-13T22:01:39 IST" duration-ms="0" status="PASS">
          <reporter-output>
          </reporter-output>
        </test-method> <!-- beforeMethod -->
        <test-method signature="Login(java.lang.String,java.lang.String)[pri:0, instance:saucelabs.LoginTest@7e6f74c]" started-at="2023-01-13T22:01:39 IST" name="Login" data-provider="Data_login" finished-at="2023-01-13T22:01:39 IST" duration-ms="3" status="PASS">
          <params>
            <param index="0">
              <value>
                <![CDATA[SacueLabs1]]>
              </value>
            </param>
            <param index="1">
              <value>
                <![CDATA[pwd6]]>
              </value>
            </param>
          </params>
          <reporter-output>
          </reporter-output>
        </test-method> <!-- Login -->
        <test-method is-config="true" signature="afterMethod()[pri:0, instance:saucelabs.LoginTest@7e6f74c]" started-at="2023-01-13T22:01:39 IST" name="afterMethod" finished-at="2023-01-13T22:01:39 IST" duration-ms="1" status="PASS">
          <reporter-output>
          </reporter-output>
        </test-method> <!-- afterMethod -->
        <test-method is-config="true" signature="beforeMethod()[pri:0, instance:saucelabs.LoginTest@7e6f74c]" started-at="2023-01-13T22:01:39 IST" name="beforeMethod" finished-at="2023-01-13T22:01:39 IST" duration-ms="2" status="PASS">
          <reporter-output>
          </reporter-output>
        </test-method> <!-- beforeMethod -->
        <test-method signature="Login(java.lang.String,java.lang.String)[pri:0, instance:saucelabs.LoginTest@7e6f74c]" started-at="2023-01-13T22:01:39 IST" name="Login" data-provider="Data_login" finished-at="2023-01-13T22:01:39 IST" duration-ms="1" status="PASS">
          <params>
            <param index="0">
              <value>
                <![CDATA[SacueLabs2]]>
              </value>
            </param>
            <param index="1">
              <value>
                <![CDATA[pwd5]]>
              </value>
            </param>
          </params>
          <reporter-output>
          </reporter-output>
        </test-method> <!-- Login -->
        <test-method is-config="true" signature="afterMethod()[pri:0, instance:saucelabs.LoginTest@7e6f74c]" started-at="2023-01-13T22:01:39 IST" name="afterMethod" finished-at="2023-01-13T22:01:39 IST" duration-ms="0" status="PASS">
          <reporter-output>
          </reporter-output>
        </test-method> <!-- afterMethod -->
        <test-method is-config="true" signature="beforeMethod()[pri:0, instance:saucelabs.LoginTest@7e6f74c]" started-at="2023-01-13T22:01:39 IST" name="beforeMethod" finished-at="2023-01-13T22:01:39 IST" duration-ms="1" status="PASS">
          <reporter-output>
          </reporter-output>
        </test-method> <!-- beforeMethod -->
        <test-method signature="Login(java.lang.String,java.lang.String)[pri:0, instance:saucelabs.LoginTest@7e6f74c]" started-at="2023-01-13T22:01:39 IST" name="Login" data-provider="Data_login" finished-at="2023-01-13T22:01:39 IST" duration-ms="1" status="PASS">
          <params>
            <param index="0">
              <value>
                <![CDATA[SacueLabs3]]>
              </value>
            </param>
            <param index="1">
              <value>
                <![CDATA[pwd4]]>
              </value>
            </param>
          </params>
          <reporter-output>
          </reporter-output>
        </test-method> <!-- Login -->
        <test-method is-config="true" signature="afterMethod()[pri:0, instance:saucelabs.LoginTest@7e6f74c]" started-at="2023-01-13T22:01:39 IST" name="afterMethod" finished-at="2023-01-13T22:01:39 IST" duration-ms="1" status="PASS">
          <reporter-output>
          </reporter-output>
        </test-method> <!-- afterMethod -->
        <test-method is-config="true" signature="beforeMethod()[pri:0, instance:saucelabs.LoginTest@7e6f74c]" started-at="2023-01-13T22:01:39 IST" name="beforeMethod" finished-at="2023-01-13T22:01:39 IST" duration-ms="0" status="PASS">
          <reporter-output>
          </reporter-output>
        </test-method> <!-- beforeMethod -->
        <test-method signature="Login(java.lang.String,java.lang.String)[pri:0, instance:saucelabs.LoginTest@7e6f74c]" started-at="2023-01-13T22:01:39 IST" name="Login" data-provider="Data_login" finished-at="2023-01-13T22:01:39 IST" duration-ms="0" status="PASS">
          <params>
            <param index="0">
              <value>
                <![CDATA[SacueLabs4]]>
              </value>
            </param>
            <param index="1">
              <value>
                <![CDATA[pwd3]]>
              </value>
            </param>
          </params>
          <reporter-output>
          </reporter-output>
        </test-method> <!-- Login -->
        <test-method is-config="true" signature="afterMethod()[pri:0, instance:saucelabs.LoginTest@7e6f74c]" started-at="2023-01-13T22:01:39 IST" name="afterMethod" finished-at="2023-01-13T22:01:39 IST" duration-ms="1" status="PASS">
          <reporter-output>
          </reporter-output>
        </test-method> <!-- afterMethod -->
        <test-method is-config="true" signature="beforeMethod()[pri:0, instance:saucelabs.LoginTest@7e6f74c]" started-at="2023-01-13T22:01:39 IST" name="beforeMethod" finished-at="2023-01-13T22:01:39 IST" duration-ms="0" status="PASS">
          <reporter-output>
          </reporter-output>
        </test-method> <!-- beforeMethod -->
        <test-method signature="Login(java.lang.String,java.lang.String)[pri:0, instance:saucelabs.LoginTest@7e6f74c]" started-at="2023-01-13T22:01:39 IST" name="Login" data-provider="Data_login" finished-at="2023-01-13T22:01:39 IST" duration-ms="5" status="PASS">
          <params>
            <param index="0">
              <value>
                <![CDATA[SacueLabs5]]>
              </value>
            </param>
            <param index="1">
              <value>
                <![CDATA[pwd2]]>
              </value>
            </param>
          </params>
          <reporter-output>
          </reporter-output>
        </test-method> <!-- Login -->
        <test-method is-config="true" signature="afterMethod()[pri:0, instance:saucelabs.LoginTest@7e6f74c]" started-at="2023-01-13T22:01:39 IST" name="afterMethod" finished-at="2023-01-13T22:01:39 IST" duration-ms="1" status="PASS">
          <reporter-output>
          </reporter-output>
        </test-method> <!-- afterMethod -->
        <test-method is-config="true" signature="beforeMethod()[pri:0, instance:saucelabs.LoginTest@7e6f74c]" started-at="2023-01-13T22:01:39 IST" name="beforeMethod" finished-at="2023-01-13T22:01:39 IST" duration-ms="1" status="PASS">
          <reporter-output>
          </reporter-output>
        </test-method> <!-- beforeMethod -->
        <test-method signature="Login(java.lang.String,java.lang.String)[pri:0, instance:saucelabs.LoginTest@7e6f74c]" started-at="2023-01-13T22:01:39 IST" name="Login" data-provider="Data_login" finished-at="2023-01-13T22:01:39 IST" duration-ms="0" status="PASS">
          <params>
            <param index="0">
              <value>
                <![CDATA[SacueLabs6]]>
              </value>
            </param>
            <param index="1">
              <value>
                <![CDATA[Pwd1]]>
              </value>
            </param>
          </params>
          <reporter-output>
          </reporter-output>
        </test-method> <!-- Login -->
        <test-method is-config="true" signature="afterMethod()[pri:0, instance:saucelabs.LoginTest@7e6f74c]" started-at="2023-01-13T22:01:39 IST" name="afterMethod" finished-at="2023-01-13T22:01:39 IST" duration-ms="0" status="PASS">
          <reporter-output>
          </reporter-output>
        </test-method> <!-- afterMethod -->
        <test-method is-config="true" signature="afterClass()[pri:0, instance:saucelabs.LoginTest@7e6f74c]" started-at="2023-01-13T22:01:39 IST" name="afterClass" finished-at="2023-01-13T22:01:39 IST" duration-ms="1" status="PASS">
          <reporter-output>
          </reporter-output>
        </test-method> <!-- afterClass -->
      </class> <!-- saucelabs.LoginTest -->
      <class name="pkgSelenium.selneiumTestCase">
        <test-method is-config="true" signature="setUp()[pri:0, instance:pkgSelenium.selneiumTestCase@44c03695]" started-at="2023-01-13T22:01:36 IST" name="setUp" finished-at="2023-01-13T22:01:38 IST" duration-ms="1362" status="PASS">
          <reporter-output>
          </reporter-output>
        </test-method> <!-- setUp -->
        <test-method signature="test()[pri:0, instance:pkgSelenium.selneiumTestCase@44c03695]" started-at="2023-01-13T22:01:38 IST" name="test" finished-at="2023-01-13T22:01:39 IST" duration-ms="1468" status="PASS">
          <reporter-output>
          </reporter-output>
        </test-method> <!-- test -->
        <test-method is-config="true" signature="tearDown()[pri:0, instance:pkgSelenium.selneiumTestCase@44c03695]" started-at="2023-01-13T22:01:39 IST" name="tearDown" finished-at="2023-01-13T22:01:39 IST" duration-ms="369" status="PASS">
          <reporter-output>
          </reporter-output>
        </test-method> <!-- tearDown -->
      </class> <!-- pkgSelenium.selneiumTestCase -->
      <class name="pkgSelenium.SauceLabAutomationTest">
        <test-method is-config="true" signature="setUp()[pri:0, instance:pkgSelenium.SauceLabAutomationTest@5b12b668]" started-at="2023-01-13T22:01:30 IST" name="setUp" finished-at="2023-01-13T22:01:32 IST" duration-ms="2663" status="PASS">
          <reporter-output>
          </reporter-output>
        </test-method> <!-- setUp -->
        <test-method signature="sauceLabAutomation()[pri:0, instance:pkgSelenium.SauceLabAutomationTest@5b12b668]" started-at="2023-01-13T22:01:32 IST" name="sauceLabAutomation" finished-at="2023-01-13T22:01:36 IST" duration-ms="3763" status="PASS">
          <reporter-output>
          </reporter-output>
        </test-method> <!-- sauceLabAutomation -->
        <test-method is-config="true" signature="tearDown()[pri:0, instance:pkgSelenium.SauceLabAutomationTest@5b12b668]" started-at="2023-01-13T22:01:36 IST" name="tearDown" finished-at="2023-01-13T22:01:36 IST" duration-ms="90" status="PASS">
          <reporter-output>
          </reporter-output>
        </test-method> <!-- tearDown -->
      </class> <!-- pkgSelenium.SauceLabAutomationTest -->
    </test> <!-- Command line test -->
  </suite> <!-- Command line suite -->
</testng-results>
